step_response: [1, 1, 0, 1, 1, 1, 1, 1]
tb:
- ans: [184, 225, 29, 154, 237, 133, 51, 36, 235, 122, 210, 57, 112, 151, 87, 10,
    86, 125, 45, 216, 109, 13, 186, 143, 99, 89, 199, 162, 191, 52, 202, 24, 56, 83,
    147, 223, 146, 236, 167, 21, 154, 220, 244, 134, 85, 78, 24, 33, 96, 196, 196,
    213, 198, 145, 138, 205, 167, 209, 78, 9, 50, 23, 223, 131, 127, 240, 14, 205,
    246, 194, 25, 18, 117, 61, 233, 28, 184, 203, 43, 5, 170, 190, 22, 236, 182, 6,
    221, 199, 179, 172, 99, 209, 95, 26, 101, 12, 152, 169, 201, 111, 73, 246, 211,
    10, 69, 110, 122, 195, 42, 39, 140, 16, 32, 98, 226, 106, 227, 72, 197, 230, 243,
    104, 167, 4, 153, 139, 239, 193, 11, 11]
  raw: [139, 202, 167, 204, 254, 233, 6, 117, 168, 219, 198, 44, 77, 65, 129, 227,
    164, 135, 173, 121, 216, 141, 127, 10, 162, 50, 59, 162, 30, 161, 50, 75, 35,
    97, 144, 229, 141, 216, 234, 198, 92, 219, 61, 215, 182, 122, 244, 103, 110, 124,
    29, 6, 41, 159, 121, 191, 132, 86, 66, 221, 20, 72, 207, 197, 112, 202, 44, 77,
    10, 78, 230, 90, 9, 142, 168, 27, 72, 147, 242, 18, 6, 117, 216, 42, 100, 222,
    248, 92, 32, 17, 209, 164, 204, 197, 176, 207, 98, 12, 23, 239, 20, 239, 212,
    17, 42, 95, 55, 254, 197, 75, 24, 212, 118, 147, 229, 253, 210, 164, 12, 59, 78,
    129, 207, 162, 229, 90, 201, 112, 173, 85, 85, 50, 0, 167, 27, 212, 90, 110, 27,
    179, 207, 5, 254, 142, 147, 30, 77, 230, 154, 55, 254, 41, 136, 202, 23, 136,
    129, 132, 49, 44, 118, 68, 132, 150, 204, 98, 171, 27, 136, 109, 12, 92, 219,
    234, 42, 159, 185, 65, 122, 24, 95, 124, 230, 253, 18, 90, 242, 117, 83, 32, 61,
    23, 56, 197, 75, 52, 41, 56, 98, 107, 222, 56, 89, 110, 219, 77, 49, 75, 227,
    47, 97, 171, 144, 121, 24, 115, 129, 68, 191, 147, 201, 23, 195, 62, 176, 15,
    92, 188, 168, 188, 83, 71, 168, 124, 221, 248, 23, 47, 154, 80, 107, 66, 109,
    247, 75, 147, 50, 236, 56, 5, 197, 139, 150, 107, 37, 195, 62, 139, 49, 139]
- ans: [184, 225, 29, 154, 237, 133, 51, 36, 234, 123, 210, 57, 112, 151, 87, 10,
    84, 127, 45, 216, 109, 13, 186, 143, 103, 93, 199, 162, 191, 52, 202, 24, 48,
    91, 147, 223, 146, 236, 167, 21, 138, 204, 244, 134, 85, 78, 24, 33, 64, 228,
    196, 213, 198, 145, 138, 205, 231, 145, 78, 9, 50, 23, 223, 131, 255, 112, 14,
    205, 246, 194, 25, 18, 117, 61, 233, 28, 184, 203, 43, 5, 170, 190, 22, 236, 182,
    6, 221, 199, 179, 172, 99, 209, 95, 26, 101, 12, 152, 169, 201, 111, 73, 246,
    211, 10, 69, 110, 122, 195, 42, 39, 140, 16, 32, 98, 226, 106, 227, 72, 197, 230,
    243, 104, 167, 4, 153, 139, 239, 193, 11, 11]
  raw: [139, 202, 167, 204, 254, 233, 6, 117, 168, 219, 198, 44, 77, 65, 129, 227,
    164, 71, 147, 185, 230, 141, 127, 10, 162, 50, 59, 162, 30, 161, 50, 75, 35, 209,
    159, 85, 130, 216, 234, 198, 92, 219, 61, 215, 182, 122, 244, 103, 110, 144, 30,
    234, 42, 159, 121, 191, 132, 86, 66, 221, 20, 72, 207, 197, 112, 49, 44, 182,
    10, 78, 230, 90, 9, 142, 168, 27, 72, 147, 242, 18, 198, 75, 24, 20, 100, 222,
    248, 92, 32, 17, 209, 164, 204, 197, 176, 207, 210, 3, 167, 224, 20, 239, 212,
    17, 42, 95, 55, 254, 197, 75, 24, 212, 154, 144, 9, 254, 210, 164, 12, 59, 78,
    129, 207, 162, 229, 90, 201, 112, 86, 85, 174, 50, 0, 167, 27, 212, 90, 110, 27,
    179, 207, 5, 254, 142, 147, 30, 77, 230, 154, 55, 254, 41, 136, 202, 23, 136,
    129, 132, 49, 44, 118, 68, 132, 150, 204, 98, 171, 27, 136, 109, 12, 92, 219,
    234, 42, 159, 185, 65, 122, 24, 95, 124, 230, 253, 18, 90, 242, 117, 83, 32, 61,
    23, 56, 197, 75, 52, 41, 56, 98, 107, 222, 56, 89, 110, 219, 77, 49, 75, 227,
    47, 97, 171, 144, 121, 24, 115, 129, 68, 191, 147, 201, 23, 195, 62, 176, 15,
    92, 188, 168, 188, 83, 71, 168, 124, 221, 248, 23, 47, 154, 80, 107, 66, 109,
    247, 75, 147, 50, 236, 56, 5, 197, 139, 150, 107, 37, 195, 62, 139, 49, 139]
- ans: [184, 225, 29, 154, 237, 133, 51, 36, 234, 122, 211, 57, 112, 151, 87, 10,
    84, 125, 47, 216, 109, 13, 186, 143, 103, 89, 195, 162, 191, 52, 202, 24, 48,
    83, 155, 223, 146, 236, 167, 21, 138, 220, 228, 134, 85, 78, 24, 33, 64, 196,
    228, 213, 198, 145, 138, 205, 231, 209, 14, 9, 50, 23, 223, 131, 255, 240, 142,
    205, 246, 194, 25, 18, 117, 61, 233, 28, 184, 203, 43, 5, 170, 190, 22, 236, 182,
    6, 221, 199, 179, 172, 99, 209, 95, 26, 101, 12, 152, 169, 201, 111, 73, 246,
    211, 10, 69, 110, 122, 195, 42, 39, 140, 16, 32, 98, 226, 106, 227, 72, 197, 230,
    243, 104, 167, 4, 153, 139, 239, 193, 11, 11]
  raw: [139, 202, 167, 204, 254, 233, 6, 117, 168, 219, 198, 44, 77, 65, 129, 227,
    164, 71, 147, 121, 216, 77, 65, 10, 162, 50, 59, 162, 30, 161, 50, 75, 35, 209,
    159, 229, 141, 104, 229, 198, 92, 219, 61, 215, 182, 122, 244, 103, 110, 144,
    30, 6, 41, 115, 122, 191, 132, 86, 66, 221, 20, 72, 207, 197, 112, 49, 44, 77,
    10, 181, 230, 90, 9, 142, 168, 27, 72, 147, 242, 18, 198, 75, 216, 42, 164, 224,
    248, 92, 32, 17, 209, 164, 204, 197, 176, 207, 210, 3, 23, 239, 164, 224, 212,
    17, 42, 95, 55, 254, 197, 75, 24, 212, 154, 144, 229, 253, 62, 167, 12, 59, 78,
    129, 207, 162, 229, 90, 201, 112, 86, 85, 85, 50, 251, 167, 27, 212, 90, 110,
    27, 179, 207, 5, 254, 142, 147, 30, 77, 230, 154, 55, 254, 41, 136, 202, 23, 136,
    129, 132, 49, 44, 118, 68, 132, 150, 204, 98, 171, 27, 136, 109, 12, 92, 219,
    234, 42, 159, 185, 65, 122, 24, 95, 124, 230, 253, 18, 90, 242, 117, 83, 32, 61,
    23, 56, 197, 75, 52, 41, 56, 98, 107, 222, 56, 89, 110, 219, 77, 49, 75, 227,
    47, 97, 171, 144, 121, 24, 115, 129, 68, 191, 147, 201, 23, 195, 62, 176, 15,
    92, 188, 168, 188, 83, 71, 168, 124, 221, 248, 23, 47, 154, 80, 107, 66, 109,
    247, 75, 147, 50, 236, 56, 5, 197, 139, 150, 107, 37, 195, 62, 139, 49, 139]
- ans: [184, 225, 29, 154, 237, 133, 51, 36, 234, 122, 210, 56, 112, 151, 87, 10,
    84, 125, 45, 218, 109, 13, 186, 143, 103, 89, 199, 166, 191, 52, 202, 24, 48,
    83, 147, 215, 146, 236, 167, 21, 138, 220, 244, 150, 85, 78, 24, 33, 64, 196,
    196, 245, 198, 145, 138, 205, 231, 209, 78, 73, 50, 23, 223, 131, 255, 240, 14,
    77, 246, 194, 25, 18, 117, 61, 233, 28, 184, 203, 43, 5, 170, 190, 22, 236, 182,
    6, 221, 199, 179, 172, 99, 209, 95, 26, 101, 12, 152, 169, 201, 111, 73, 246,
    211, 10, 69, 110, 122, 195, 42, 39, 140, 16, 32, 98, 226, 106, 227, 72, 197, 230,
    243, 104, 167, 4, 153, 139, 239, 193, 11, 11]
  raw: [139, 202, 167, 204, 254, 233, 6, 117, 168, 219, 198, 44, 77, 65, 129, 227,
    164, 71, 147, 121, 216, 141, 127, 202, 156, 50, 59, 162, 30, 161, 50, 75, 35,
    209, 159, 229, 141, 216, 234, 118, 83, 219, 61, 215, 182, 122, 244, 103, 110,
    144, 30, 6, 41, 159, 121, 83, 135, 86, 66, 221, 20, 72, 207, 197, 112, 49, 44,
    77, 10, 78, 230, 161, 9, 142, 168, 27, 72, 147, 242, 18, 198, 75, 216, 42, 100,
    222, 56, 98, 32, 17, 209, 164, 204, 197, 176, 207, 210, 3, 23, 239, 20, 239, 100,
    30, 42, 95, 55, 254, 197, 75, 24, 212, 154, 144, 229, 253, 210, 164, 224, 56,
    78, 129, 207, 162, 229, 90, 201, 112, 86, 85, 85, 50, 0, 167, 224, 212, 90, 110,
    27, 179, 207, 5, 254, 142, 147, 30, 77, 230, 154, 55, 254, 41, 136, 202, 23, 136,
    129, 132, 49, 44, 118, 68, 132, 150, 204, 98, 171, 27, 136, 109, 12, 92, 219,
    234, 42, 159, 185, 65, 122, 24, 95, 124, 230, 253, 18, 90, 242, 117, 83, 32, 61,
    23, 56, 197, 75, 52, 41, 56, 98, 107, 222, 56, 89, 110, 219, 77, 49, 75, 227,
    47, 97, 171, 144, 121, 24, 115, 129, 68, 191, 147, 201, 23, 195, 62, 176, 15,
    92, 188, 168, 188, 83, 71, 168, 124, 221, 248, 23, 47, 154, 80, 107, 66, 109,
    247, 75, 147, 50, 236, 56, 5, 197, 139, 150, 107, 37, 195, 62, 139, 49, 139]
- ans: [71, 0, 0, 0, 0, 0, 0, 0, 1, 0, 0, 0, 0, 0, 0, 0, 2, 0, 0, 0, 0, 0, 0, 0, 4,
    0, 0, 0, 0, 0, 0, 0, 8, 0, 0, 0, 0, 0, 0, 0, 16, 0, 0, 0, 0, 0, 0, 0, 32, 0, 0,
    0, 0, 0, 0, 0, 64, 0, 0, 0, 0, 0, 0, 0, 128, 0, 0, 0, 0, 0, 0, 0, 0, 0, 0, 0,
    0, 0, 0, 0, 0, 0, 0, 0, 0, 0, 0, 0, 0, 0, 0, 0, 0, 0, 0, 0, 0, 0, 0, 0, 0, 0,
    0, 0, 0, 0, 0, 0, 0, 0, 0, 0, 0, 0, 0, 0, 0, 0, 0, 0, 0, 0, 0, 0, 0, 0, 0, 0,
    11, 11]
  raw: [236, 159, 50, 0, 0, 0, 0, 0, 0, 0, 0, 0, 0, 0, 0, 0, 0, 192, 62, 0, 0, 0,
    0, 0, 0, 0, 0, 0, 0, 0, 0, 0, 0, 176, 15, 0, 0, 0, 0, 0, 0, 0, 0, 0, 0, 0, 0,
    0, 0, 236, 3, 0, 0, 0, 0, 0, 0, 0, 0, 0, 0, 0, 0, 0, 0, 251, 0, 0, 0, 0, 0, 0,
    0, 0, 0, 0, 0, 0, 0, 0, 192, 62, 0, 0, 0, 0, 0, 0, 0, 0, 0, 0, 0, 0, 0, 0, 176,
    15, 0, 0, 0, 0, 0, 0, 0, 0, 0, 0, 0, 0, 0, 0, 236, 3, 0, 0, 0, 0, 0, 0, 0, 0,
    0, 0, 0, 0, 0, 0, 251, 0, 0, 0, 0, 0, 0, 0, 0, 0, 0, 0, 0, 0, 0, 0, 0, 0, 0, 0,
    0, 0, 0, 0, 0, 0, 0, 0, 0, 0, 0, 0, 0, 0, 0, 0, 0, 0, 0, 0, 0, 0, 0, 0, 0, 0,
    0, 0, 0, 0, 0, 0, 0, 0, 0, 0, 0, 0, 0, 0, 0, 0, 0, 0, 0, 0, 0, 0, 0, 0, 0, 0,
    0, 0, 0, 0, 0, 0, 0, 0, 0, 0, 0, 0, 0, 0, 0, 0, 0, 0, 0, 0, 0, 0, 0, 0, 0, 0,
    0, 0, 0, 0, 0, 0, 0, 0, 0, 0, 0, 0, 0, 0, 0, 0, 0, 0, 0, 0, 0, 0, 0, 0, 0, 0,
    0, 0, 0, 0, 0, 139, 49, 139]
- ans: [71, 0, 0, 0, 0, 0, 0, 0, 0, 1, 0, 0, 0, 0, 0, 0, 0, 2, 0, 0, 0, 0, 0, 0, 0,
    4, 0, 0, 0, 0, 0, 0, 0, 8, 0, 0, 0, 0, 0, 0, 0, 16, 0, 0, 0, 0, 0, 0, 0, 32, 0,
    0, 0, 0, 0, 0, 0, 64, 0, 0, 0, 0, 0, 0, 0, 128, 0, 0, 0, 0, 0, 0, 0, 0, 0, 0,
    0, 0, 0, 0, 0, 0, 0, 0, 0, 0, 0, 0, 0, 0, 0, 0, 0, 0, 0, 0, 0, 0, 0, 0, 0, 0,
    0, 0, 0, 0, 0, 0, 0, 0, 0, 0, 0, 0, 0, 0, 0, 0, 0, 0, 0, 0, 0, 0, 0, 0, 0, 0,
    11, 11]
  raw: [236, 159, 50, 0, 0, 0, 0, 0, 0, 0, 0, 0, 0, 0, 0, 0, 0, 0, 0, 192, 62, 0,
    0, 0, 0, 0, 0, 0, 0, 0, 0, 0, 0, 0, 0, 176, 15, 0, 0, 0, 0, 0, 0, 0, 0, 0, 0,
    0, 0, 0, 0, 236, 3, 0, 0, 0, 0, 0, 0, 0, 0, 0, 0, 0, 0, 0, 0, 251, 0, 0, 0, 0,
    0, 0, 0, 0, 0, 0, 0, 0, 0, 0, 192, 62, 0, 0, 0, 0, 0, 0, 0, 0, 0, 0, 0, 0, 0,
    0, 176, 15, 0, 0, 0, 0, 0, 0, 0, 0, 0, 0, 0, 0, 0, 0, 236, 3, 0, 0, 0, 0, 0, 0,
    0, 0, 0, 0, 0, 0, 0, 0, 251, 0, 0, 0, 0, 0, 0, 0, 0, 0, 0, 0, 0, 0, 0, 0, 0, 0,
    0, 0, 0, 0, 0, 0, 0, 0, 0, 0, 0, 0, 0, 0, 0, 0, 0, 0, 0, 0, 0, 0, 0, 0, 0, 0,
    0, 0, 0, 0, 0, 0, 0, 0, 0, 0, 0, 0, 0, 0, 0, 0, 0, 0, 0, 0, 0, 0, 0, 0, 0, 0,
    0, 0, 0, 0, 0, 0, 0, 0, 0, 0, 0, 0, 0, 0, 0, 0, 0, 0, 0, 0, 0, 0, 0, 0, 0, 0,
    0, 0, 0, 0, 0, 0, 0, 0, 0, 0, 0, 0, 0, 0, 0, 0, 0, 0, 0, 0, 0, 0, 0, 0, 0, 0,
    0, 0, 0, 0, 0, 139, 49, 139]
- ans: [71, 0, 0, 0, 0, 0, 0, 0, 0, 0, 1, 0, 0, 0, 0, 0, 0, 0, 2, 0, 0, 0, 0, 0, 0,
    0, 4, 0, 0, 0, 0, 0, 0, 0, 8, 0, 0, 0, 0, 0, 0, 0, 16, 0, 0, 0, 0, 0, 0, 0, 32,
    0, 0, 0, 0, 0, 0, 0, 64, 0, 0, 0, 0, 0, 0, 0, 128, 0, 0, 0, 0, 0, 0, 0, 0, 0,
    0, 0, 0, 0, 0, 0, 0, 0, 0, 0, 0, 0, 0, 0, 0, 0, 0, 0, 0, 0, 0, 0, 0, 0, 0, 0,
    0, 0, 0, 0, 0, 0, 0, 0, 0, 0, 0, 0, 0, 0, 0, 0, 0, 0, 0, 0, 0, 0, 0, 0, 0, 0,
    11, 11]
  raw: [236, 159, 50, 0, 0, 0, 0, 0, 0, 0, 0, 0, 0, 0, 0, 0, 0, 0, 0, 0, 0, 192, 62,
    0, 0, 0, 0, 0, 0, 0, 0, 0, 0, 0, 0, 0, 0, 176, 15, 0, 0, 0, 0, 0, 0, 0, 0, 0,
    0, 0, 0, 0, 0, 236, 3, 0, 0, 0, 0, 0, 0, 0, 0, 0, 0, 0, 0, 0, 0, 251, 0, 0, 0,
    0, 0, 0, 0, 0, 0, 0, 0, 0, 0, 0, 192, 62, 0, 0, 0, 0, 0, 0, 0, 0, 0, 0, 0, 0,
    0, 0, 176, 15, 0, 0, 0, 0, 0, 0, 0, 0, 0, 0, 0, 0, 0, 0, 236, 3, 0, 0, 0, 0, 0,
    0, 0, 0, 0, 0, 0, 0, 0, 0, 251, 0, 0, 0, 0, 0, 0, 0, 0, 0, 0, 0, 0, 0, 0, 0, 0,
    0, 0, 0, 0, 0, 0, 0, 0, 0, 0, 0, 0, 0, 0, 0, 0, 0, 0, 0, 0, 0, 0, 0, 0, 0, 0,
    0, 0, 0, 0, 0, 0, 0, 0, 0, 0, 0, 0, 0, 0, 0, 0, 0, 0, 0, 0, 0, 0, 0, 0, 0, 0,
    0, 0, 0, 0, 0, 0, 0, 0, 0, 0, 0, 0, 0, 0, 0, 0, 0, 0, 0, 0, 0, 0, 0, 0, 0, 0,
    0, 0, 0, 0, 0, 0, 0, 0, 0, 0, 0, 0, 0, 0, 0, 0, 0, 0, 0, 0, 0, 0, 0, 0, 0, 0,
    0, 0, 0, 0, 139, 49, 139]
- ans: [71, 0, 0, 0, 0, 0, 0, 0, 0, 0, 0, 1, 0, 0, 0, 0, 0, 0, 0, 2, 0, 0, 0, 0, 0,
    0, 0, 4, 0, 0, 0, 0, 0, 0, 0, 8, 0, 0, 0, 0, 0, 0, 0, 16, 0, 0, 0, 0, 0, 0, 0,
    32, 0, 0, 0, 0, 0, 0, 0, 64, 0, 0, 0, 0, 0, 0, 0, 128, 0, 0, 0, 0, 0, 0, 0, 0,
    0, 0, 0, 0, 0, 0, 0, 0, 0, 0, 0, 0, 0, 0, 0, 0, 0, 0, 0, 0, 0, 0, 0, 0, 0, 0,
    0, 0, 0, 0, 0, 0, 0, 0, 0, 0, 0, 0, 0, 0, 0, 0, 0, 0, 0, 0, 0, 0, 0, 0, 0, 0,
    11, 11]
  raw: [236, 159, 50, 0, 0, 0, 0, 0, 0, 0, 0, 0, 0, 0, 0, 0, 0, 0, 0, 0, 0, 0, 0,
    192, 62, 0, 0, 0, 0, 0, 0, 0, 0, 0, 0, 0, 0, 0, 0, 176, 15, 0, 0, 0, 0, 0, 0,
    0, 0, 0, 0, 0, 0, 0, 0, 236, 3, 0, 0, 0, 0, 0, 0, 0, 0, 0, 0, 0, 0, 0, 0, 251,
    0, 0, 0, 0, 0, 0, 0, 0, 0, 0, 0, 0, 0, 0, 192, 62, 0, 0, 0, 0, 0, 0, 0, 0, 0,
    0, 0, 0, 0, 0, 176, 15, 0, 0, 0, 0, 0, 0, 0, 0, 0, 0, 0, 0, 0, 0, 236, 3, 0, 0,
    0, 0, 0, 0, 0, 0, 0, 0, 0, 0, 0, 0, 251, 0, 0, 0, 0, 0, 0, 0, 0, 0, 0, 0, 0, 0,
    0, 0, 0, 0, 0, 0, 0, 0, 0, 0, 0, 0, 0, 0, 0, 0, 0, 0, 0, 0, 0, 0, 0, 0, 0, 0,
    0, 0, 0, 0, 0, 0, 0, 0, 0, 0, 0, 0, 0, 0, 0, 0, 0, 0, 0, 0, 0, 0, 0, 0, 0, 0,
    0, 0, 0, 0, 0, 0, 0, 0, 0, 0, 0, 0, 0, 0, 0, 0, 0, 0, 0, 0, 0, 0, 0, 0, 0, 0,
    0, 0, 0, 0, 0, 0, 0, 0, 0, 0, 0, 0, 0, 0, 0, 0, 0, 0, 0, 0, 0, 0, 0, 0, 0, 0,
    0, 0, 0, 0, 0, 139, 49, 139]
white_seq: [255, 225, 29, 154, 237, 133, 51, 36, 234, 122, 210, 57, 112, 151, 87,
  10, 84, 125, 45, 216, 109, 13, 186, 143, 103, 89, 199, 162, 191, 52, 202, 24, 48,
  83, 147, 223, 146, 236, 167, 21, 138, 220, 244, 134, 85, 78, 24, 33, 64, 196, 196,
  213, 198, 145, 138, 205, 231, 209, 78, 9, 50, 23, 223, 131, 255, 240, 14, 205, 246,
  194, 25, 18, 117, 61, 233, 28, 184, 203, 43, 5, 170, 190, 22, 236, 182, 6, 221,
  199, 179, 172, 99, 209, 95, 26, 101, 12, 152, 169, 201, 111]
